<?xml version="1.0" encoding="UTF-8"?>
<!-- Generated by org.testng.reporters.JUnitReportReporter -->
<testsuite hostname="Mouna" failures="0" tests="1" name="test1" time="0.017" errors="0" timestamp="2024-03-02T07:23:47 IST" skipped="0">
  <testcase classname="test1" name="streamCollect" time="0.017"/>
</testsuite> <!-- test1 -->
