<?xml version="1.0" encoding="UTF-8"?>
<!-- Generated by org.testng.reporters.JUnitReportReporter -->
<testsuite hostname="Mouna" failures="0" tests="1" name="Streams1" time="0.014" errors="0" timestamp="2024-03-01T19:53:27 IST" skipped="0">
  <testcase classname="Streams1" name="regular" time="0.014"/>
</testsuite> <!-- Streams1 -->
