<?xml version="1.0" encoding="UTF-8"?>
<!-- Generated by org.testng.reporters.JUnitReportReporter -->
<testsuite hostname="Mouna" failures="0" tests="1" name="test1$Streams1" time="0.019" errors="0" timestamp="2024-03-02T04:46:23 IST" skipped="0">
  <testcase classname="test1$Streams1" name="streamFilter" time="0.019"/>
</testsuite> <!-- test1$Streams1 -->
